{ "msg_showcmd", "sl:1", "tick:253", false, { { 0, ":" } } }
{ "cmdline_show", "sl:1", "tick:254", "mode:c", { { 0, "" } } }
{ "cmdline_show", "sl:1", "tick:257", "mode:c", { { 0, "w" } } }
{ "cmdline_show", "sl:1", "tick:259", "mode:c", { { 0, "wa" } } }
{ "cmdline_hide", "sl:1", "tick:261", false, 1 }
{ "msg_showcmd", "sl:1", "tick:262", false, { { 0, "A" } } }
{ "msg_showmode", "sl:1", "tick:263", false, { { 154, "-- INSERT --" } } }
{ "msg_showcmd", "sl:1", "tick:266", false, { { 0, "j" } } }
{ "msg_showcmd", "sl:1", "tick:268", false, { { 0, "j" } } }
{ "msg_showmode", "sl:1", "tick:270", false, {} }
{ "msg_showcmd", "sl:1", "tick:271", false, { { 0, "A" } } }
{ "msg_showmode", "sl:1", "tick:272", false, { { 154, "-- INSERT --" } } }
{ "msg_showmode", "sl:1", "tick:275", false, {} }
{ "msg_showcmd", "sl:1", "tick:276", false, { { 0, "j" } } }
{ "msg_showcmd", "sl:1", "tick:277", false, { { 0, "w" } } }
{ "msg_showcmd", "sl:1", "tick:279", false, { { 0, "w" } } }
{ "msg_showcmd", "sl:1", "tick:281", false, { { 0, "w" } } }
{ "msg_showcmd", "sl:1", "tick:283", false, { { 0, "j" } } }
{ "msg_showcmd", "sl:1", "tick:285", false, { { 0, "w" } } }
{ "msg_showcmd", "sl:1", "tick:287", false, { { 0, "w" } } }
{ "msg_showcmd", "sl:1", "tick:289", false, { { 0, "w" } } }
{ "msg_showcmd", "sl:1", "tick:291", false, { { 0, "w" } } }
{ "msg_showcmd", "sl:1", "tick:293", false, { { 0, "w" } } }
{ "msg_showcmd", "sl:1", "tick:295", false, { { 0, "w" } } }
{ "msg_showcmd", "sl:1", "tick:297", false, { { 0, "w" } } }
{ "msg_showcmd", "sl:1", "tick:299", false, { { 0, "w" } } }
{ "msg_showcmd", "sl:1", "tick:301", false, { { 0, "w" } } }
{ "msg_showcmd", "sl:1", "tick:303", false, { { 0, "h" } } }
{ "msg_showcmd", "sl:1", "tick:305", false, { { 0, "h" } } }
{ "msg_showcmd", "sl:1", "tick:307", false, { { 0, "a" } } }
{ "msg_showmode", "sl:1", "tick:308", false, { { 154, "-- INSERT --" } } }
{ "msg_showcmd", "sl:1", "tick:311", false, { { 0, ";" } } }
{ "msg_showmode", "sl:1", "tick:312", false, {} }
{ "msg_showcmd", "sl:1", "tick:314", false, { { 0, ":" } } }
{ "cmdline_show", "sl:1", "tick:315", "mode:c", { { 0, "" } } }
{ "cmdline_show", "sl:1", "tick:318", "mode:c", { { 0, "w" } } }
{ "cmdline_hide", "sl:1", "tick:320", false, 1 }
{ "msg_show", "sl:1", "tick:321", false, "" }
{ "msg_show", "sl:1", "tick:322", false, "" }
{ "msg_showcmd", "sl:1", "tick:331", false, { { 0, "A" } } }
{ "msg_showmode", "sl:1", "tick:332", false, { { 154, "-- INSERT --" } } }
{ "msg_showmode", "sl:1", "tick:335", false, {} }
{ "msg_showcmd", "sl:1", "tick:336", false, { { 0, "d" } } }
{ "msg_showcmd", "sl:1", "tick:337", "mode:no", { { 0, "dd" } } }
{ "msg_showcmd", "sl:1", "tick:339", false, { { 0, ":" } } }
{ "cmdline_show", "sl:1", "tick:340", "mode:c", { { 0, "" } } }
{ "cmdline_show", "sl:1", "tick:343", "mode:c", { { 0, "w" } } }
{ "cmdline_show", "sl:1", "tick:345", "mode:c", { { 0, "wy" } } }
{ "cmdline_show", "sl:1", "tick:347", "mode:c", { { 0, "w" } } }
{ "cmdline_hide", "sl:1", "tick:349", false, 1 }
{ "msg_showcmd", "sl:1", "tick:350", false, { { 0, "k" } } }
{ "msg_showcmd", "sl:1", "tick:352", false, { { 0, "k" } } }
{ "msg_showcmd", "sl:1", "tick:354", false, { { 0, "k" } } }
{ "msg_showcmd", "sl:1", "tick:356", false, { { 0, "k" } } }
{ "msg_showcmd", "sl:1", "tick:358", false, { { 0, "k" } } }
{ "msg_showcmd", "sl:1", "tick:360", false, { { 0, "k" } } }
{ "msg_showcmd", "sl:1", "tick:362", false, { { 0, "k" } } }
{ "msg_showcmd", "sl:1", "tick:364", false, { { 0, "j" } } }
{ "msg_showcmd", "sl:1", "tick:366", false, { { 0, "j" } } }
{ "msg_showcmd", "sl:1", "tick:368", false, { { 0, "j" } } }
{ "msg_showcmd", "sl:1", "tick:370", false, { { 0, "j" } } }
{ "msg_showcmd", "sl:1", "tick:372", false, { { 0, "j" } } }
{ "msg_showcmd", "sl:1", "tick:374", false, { { 0, "j" } } }
{ "msg_showcmd", "sl:1", "tick:376", false, { { 0, ":" } } }
{ "cmdline_show", "sl:1", "tick:377", "mode:c", { { 0, "" } } }
{ "cmdline_show", "sl:1", "tick:380", "mode:c", { { 0, "w" } } }
{ "cmdline_hide", "sl:1", "tick:382", false, 1 }
{ "msg_show", "sl:1", "tick:383", false, "" }
{ "msg_show", "sl:1", "tick:384", false, "" }
